<?xml version="1.0" encoding="UTF-8"?>
<!-- Generated by org.testng.reporters.JUnitReportReporter -->
<testsuite skipped="1" hostname="DESKTOP-762U0O7" name="testng1test.Sample" tests="5" failures="0" timestamp="2021-12-25T17:01:30 IST" time="0.020" errors="0">
  <testcase name="logout" time="0.008" classname="testng1test.Sample"/>
  <system-out>
    <![CDATA[test ng logout first time]]>
  </system-out>
  <testcase name="log" time="0.004" classname="testng1test.Sample"/>
  <system-out>
    <![CDATA[test ng log first time]]>
  </system-out>
  <testcase name="log" time="0.001" classname="testng1test.Sample"/>
  <system-out>
    <![CDATA[test ng log first time]]>
  </system-out>
  <testcase name="log" time="0.007" classname="testng1test.Sample"/>
  <system-out>
    <![CDATA[test ng log first time]]>
  </system-out>
  <testcase name="login" classname="testng1test.Sample">
    <skipped/>
  </testcase> <!-- login -->
  <system-out/>
</testsuite> <!-- testng1test.Sample -->
