<?xml version="1.0" encoding="UTF-8"?>
<!-- Generated by org.testng.reporters.JUnitReportReporter -->
<testsuite skipped="0" hostname="DESKTOP-762U0O7" name="suit.Crossbrowser" tests="2" failures="0" timestamp="2021-12-26T17:28:24 IST" time="139.335" errors="0">
  <testcase name="openbrowser" time="48.399" classname="suit.Crossbrowser"/>
  <system-out/>
  <testcase name="openbrowser" time="90.936" classname="suit.Crossbrowser"/>
  <system-out/>
</testsuite> <!-- suit.Crossbrowser -->
