<?xml version="1.0" encoding="UTF-8"?>
<!-- Generated by org.testng.reporters.JUnitReportReporter -->
<testsuite skipped="1" hostname="DESKTOP-762U0O7" name="testng1test.Sample" tests="5" failures="0" timestamp="2021-12-26T15:13:58 IST" time="0.019" errors="0">
  <testcase name="logout" time="0.009" classname="testng1test.Sample"/>
  <system-out>
    <![CDATA[test ng logout first time]]>
  </system-out>
  <testcase name="log" time="0.003" classname="testng1test.Sample"/>
  <system-out>
    <![CDATA[test ng log first time]]>
  </system-out>
  <testcase name="log" time="0.002" classname="testng1test.Sample"/>
  <system-out>
    <![CDATA[test ng log first time]]>
  </system-out>
  <testcase name="log" time="0.005" classname="testng1test.Sample"/>
  <system-out>
    <![CDATA[test ng log first time]]>
  </system-out>
  <testcase name="login" classname="testng1test.Sample">
    <skipped/>
  </testcase> <!-- login -->
  <system-out/>
</testsuite> <!-- testng1test.Sample -->
