<?xml version="1.0" encoding="UTF-8"?>
<!-- Generated by org.testng.reporters.JUnitReportReporter -->
<testsuite skipped="0" hostname="DESKTOP-762U0O7" name="suit.Parallel_method" tests="4" failures="0" timestamp="2021-12-26T19:51:07 IST" time="208.583" errors="0">
  <testcase name="openborw2" time="58.869" classname="suit.Parallel_method"/>
  <system-out/>
  <testcase name="openborw1" time="23.589" classname="suit.Parallel_method"/>
  <system-out/>
  <testcase name="openborw3" time="98.351" classname="suit.Parallel_method"/>
  <system-out/>
  <testcase name="openborw" time="27.774" classname="suit.Parallel_method"/>
  <system-out/>
</testsuite> <!-- suit.Parallel_method -->
