<?xml version="1.0" encoding="UTF-8"?>
<!-- Generated by org.testng.reporters.JUnitReportReporter -->
<testsuite skipped="0" hostname="DESKTOP-762U0O7" name="automation.Explcit_wait" tests="1" failures="0" timestamp="2022-01-03T19:53:58 IST" time="47.657" errors="0">
  <testcase name="m1" time="47.657" classname="automation.Explcit_wait"/>
  <system-out/>
</testsuite> <!-- automation.Explcit_wait -->
